<?xml version="1.0" encoding="UTF-8"?>
<testsuite xmlns:xsi="http://www.w3.org/2001/XMLSchema-instance" xsi:noNamespaceSchemaLocation="https://maven.apache.org/surefire/maven-surefire-plugin/xsd/surefire-test-report-3.0.xsd" version="3.0" name="org.zeromq.TestZMQ" time="0.135" tests="70" errors="0" skipped="0" failures="0">
  <properties>
    <property name="sun.desktop" value="gnome"/>
    <property name="awt.toolkit" value="sun.awt.X11.XToolkit"/>
    <property name="java.specification.version" value="11"/>
    <property name="sun.cpu.isalist" value=""/>
    <property name="sun.jnu.encoding" value="UTF-8"/>
    <property name="java.class.path" value="/home/firemax/.m2/repository/org/apache/maven/surefire/surefire-booter/3.0.0-M3/surefire-booter-3.0.0-M3.jar:/home/firemax/.m2/repository/org/apache/maven/surefire/surefire-api/3.0.0-M3/surefire-api-3.0.0-M3.jar:/home/firemax/.m2/repository/org/apache/maven/surefire/surefire-logger-api/3.0.0-M3/surefire-logger-api-3.0.0-M3.jar:/home/firemax/Mobile_system_new_generations/src/jeromq/target/test-classes:/home/firemax/Mobile_system_new_generations/src/jeromq/target/classes:/home/firemax/.m2/repository/junit/junit/4.13.1/junit-4.13.1.jar:/home/firemax/.m2/repository/org/hamcrest/hamcrest-core/1.3/hamcrest-core-1.3.jar:/home/firemax/.m2/repository/eu/neilalexander/jnacl/1.0.0/jnacl-1.0.0.jar:/home/firemax/.m2/repository/org/apache/maven/surefire/surefire-junit4/3.0.0-M3/surefire-junit4-3.0.0-M3.jar:/home/firemax/.m2/repository/org/apache/maven/surefire/common-java5/3.0.0-M3/common-java5-3.0.0-M3.jar:/home/firemax/.m2/repository/org/apache/maven/surefire/common-junit3/3.0.0-M3/common-junit3-3.0.0-M3.jar:/home/firemax/.m2/repository/org/apache/maven/surefire/common-junit4/3.0.0-M3/common-junit4-3.0.0-M3.jar"/>
    <property name="java.vm.vendor" value="Ubuntu"/>
    <property name="sun.arch.data.model" value="64"/>
    <property name="java.vendor.url" value="https://ubuntu.com/"/>
    <property name="user.timezone" value=""/>
    <property name="java.vm.specification.version" value="11"/>
    <property name="os.name" value="Linux"/>
    <property name="sun.java.launcher" value="SUN_STANDARD"/>
    <property name="user.country" value="RU"/>
    <property name="sun.boot.library.path" value="/usr/lib/jvm/java-11-openjdk-amd64/lib"/>
    <property name="sun.java.command" value="org.apache.maven.surefire.booter.ForkedBooter /home/firemax/Mobile_system_new_generations/src/jeromq/target/surefire 2024-11-05T09-01-59_052-jvmRun1 surefire14735573027432756481tmp surefire_014062362213732299647tmp"/>
    <property name="jdk.debug" value="release"/>
    <property name="surefire.test.class.path" value="/home/firemax/Mobile_system_new_generations/src/jeromq/target/test-classes:/home/firemax/Mobile_system_new_generations/src/jeromq/target/classes:/home/firemax/.m2/repository/junit/junit/4.13.1/junit-4.13.1.jar:/home/firemax/.m2/repository/org/hamcrest/hamcrest-core/1.3/hamcrest-core-1.3.jar:/home/firemax/.m2/repository/eu/neilalexander/jnacl/1.0.0/jnacl-1.0.0.jar:"/>
    <property name="sun.cpu.endian" value="little"/>
    <property name="user.home" value="/home/firemax"/>
    <property name="user.language" value="ru"/>
    <property name="java.specification.vendor" value="Oracle Corporation"/>
    <property name="java.version.date" value="2024-07-16"/>
    <property name="java.home" value="/usr/lib/jvm/java-11-openjdk-amd64"/>
    <property name="file.separator" value="/"/>
    <property name="basedir" value="/home/firemax/Mobile_system_new_generations/src/jeromq"/>
    <property name="java.vm.compressedOopsMode" value="Zero based"/>
    <property name="line.separator" value="&#10;"/>
    <property name="java.specification.name" value="Java Platform API Specification"/>
    <property name="java.vm.specification.vendor" value="Oracle Corporation"/>
    <property name="java.awt.graphicsenv" value="sun.awt.X11GraphicsEnvironment"/>
    <property name="sun.management.compiler" value="HotSpot 64-Bit Tiered Compilers"/>
    <property name="java.runtime.version" value="11.0.24+8-post-Ubuntu-1ubuntu322.04"/>
    <property name="user.name" value="firemax"/>
    <property name="path.separator" value=":"/>
    <property name="os.version" value="6.8.0-48-generic"/>
    <property name="java.runtime.name" value="OpenJDK Runtime Environment"/>
    <property name="file.encoding" value="UTF-8"/>
    <property name="java.vm.name" value="OpenJDK 64-Bit Server VM"/>
    <property name="localRepository" value="/home/firemax/.m2/repository"/>
    <property name="java.vendor.url.bug" value="https://bugs.launchpad.net/ubuntu/+source/openjdk-lts"/>
    <property name="java.io.tmpdir" value="/tmp"/>
    <property name="java.version" value="11.0.24"/>
    <property name="user.dir" value="/home/firemax/Mobile_system_new_generations/src/jeromq"/>
    <property name="os.arch" value="amd64"/>
    <property name="java.vm.specification.name" value="Java Virtual Machine Specification"/>
    <property name="java.awt.printerjob" value="sun.print.PSPrinterJob"/>
    <property name="sun.os.patch.level" value="unknown"/>
    <property name="java.library.path" value="/usr/java/packages/lib:/usr/lib/x86_64-linux-gnu/jni:/lib/x86_64-linux-gnu:/usr/lib/x86_64-linux-gnu:/usr/lib/jni:/lib:/usr/lib"/>
    <property name="java.vm.info" value="mixed mode, sharing"/>
    <property name="java.vendor" value="Ubuntu"/>
    <property name="java.vm.version" value="11.0.24+8-post-Ubuntu-1ubuntu322.04"/>
    <property name="java.specification.maintenance.version" value="2"/>
    <property name="sun.io.unicode.encoding" value="UnicodeLittle"/>
    <property name="java.class.version" value="55.0"/>
  </properties>
  <testcase name="testSocketAffinity" classname="org.zeromq.TestZMQ" time="0.001"/>
  <testcase name="testSocketGetRate" classname="org.zeromq.TestZMQ" time="0.001"/>
  <testcase name="testSocketGetSwap" classname="org.zeromq.TestZMQ" time="0.001"/>
  <testcase name="testSocketPlainUsername" classname="org.zeromq.TestZMQ" time="0.001"/>
  <testcase name="testSocketCurveAsServer" classname="org.zeromq.TestZMQ" time="0"/>
  <testcase name="testBindSameAddress" classname="org.zeromq.TestZMQ" time="0.002"/>
  <testcase name="testSocketHandshake" classname="org.zeromq.TestZMQ" time="0"/>
  <testcase name="testSocketMaxMsgSize" classname="org.zeromq.TestZMQ" time="0.001"/>
  <testcase name="testSocketRouterRaw" classname="org.zeromq.TestZMQ" time="0.001"/>
  <testcase name="testSocketZAPDomain" classname="org.zeromq.TestZMQ" time="0.001"/>
  <testcase name="testSocketXpubNoDrop" classname="org.zeromq.TestZMQ" time="0.001"/>
  <testcase name="testErrno" classname="org.zeromq.TestZMQ" time="0"/>
  <testcase name="testSocketTCPKeepAlive" classname="org.zeromq.TestZMQ" time="0.001"/>
  <testcase name="testSocketReqRelaxed" classname="org.zeromq.TestZMQ" time="0.001"/>
  <testcase name="testSocketIPv6" classname="org.zeromq.TestZMQ" time="0.001"/>
  <testcase name="testSocketRate" classname="org.zeromq.TestZMQ" time="0.001"/>
  <testcase name="testSocketSwap" classname="org.zeromq.TestZMQ" time="0.001"/>
  <testcase name="testSocketType" classname="org.zeromq.TestZMQ" time="0.001"/>
  <testcase name="testSocketTCPKeepAliveCount" classname="org.zeromq.TestZMQ" time="0"/>
  <testcase name="testSocketConnectRid" classname="org.zeromq.TestZMQ" time="0.001"/>
  <testcase name="testSocketImmediate" classname="org.zeromq.TestZMQ" time="0.001"/>
  <testcase name="testSocketReconnectIVL" classname="org.zeromq.TestZMQ" time="0.001"/>
  <testcase name="testSocketMsgAllocator" classname="org.zeromq.TestZMQ" time="0"/>
  <testcase name="testSocketPlainPassword" classname="org.zeromq.TestZMQ" time="0.001"/>
  <testcase name="testSocketgetRecoveryInterval" classname="org.zeromq.TestZMQ" time="0.001"/>
  <testcase name="testSocketPlainServer" classname="org.zeromq.TestZMQ" time="0.001"/>
  <testcase name="testSocketHeartbeatContext" classname="org.zeromq.TestZMQ" time="0.003"/>
  <testcase name="testSocketRouterMandatory" classname="org.zeromq.TestZMQ" time="0.002"/>
  <testcase name="testSocketHWM" classname="org.zeromq.TestZMQ" time="0.004"/>
  <testcase name="testSocketTos" classname="org.zeromq.TestZMQ" time="0.001"/>
  <testcase name="testSocketSendRecvArray" classname="org.zeromq.TestZMQ" time="0.006"/>
  <testcase name="testSocketSendBufferSize" classname="org.zeromq.TestZMQ" time="0.001"/>
  <testcase name="testSocketProbeRouter" classname="org.zeromq.TestZMQ" time="0.001"/>
  <testcase name="testSocketHasMulticastLoop" classname="org.zeromq.TestZMQ" time="0.001"/>
  <testcase name="testSocketReqCorrelate" classname="org.zeromq.TestZMQ" time="0.003"/>
  <testcase name="testSocketMulticastHops" classname="org.zeromq.TestZMQ" time="0.001"/>
  <testcase name="testSocketMulticastLoop" classname="org.zeromq.TestZMQ" time="0.001"/>
  <testcase name="testSocketReceiveTimeOut" classname="org.zeromq.TestZMQ" time="0.001"/>
  <testcase name="testSocketSendRecvPicture" classname="org.zeromq.TestZMQ" time="0.002"/>
  <testcase name="testSocketSocksProxy" classname="org.zeromq.TestZMQ" time="0.002"/>
  <testcase name="testSocketTCPKeepAliveIdle" classname="org.zeromq.TestZMQ" time="0"/>
  <testcase name="testSocketLinger" classname="org.zeromq.TestZMQ" time="0.001"/>
  <testcase name="testSocketGetReqCorrelate" classname="org.zeromq.TestZMQ" time="0.001"/>
  <testcase name="testSocketTCPKeepAliveInterval" classname="org.zeromq.TestZMQ" time="0.001"/>
  <testcase name="testSocketCurvePublic" classname="org.zeromq.TestZMQ" time="0.001"/>
  <testcase name="testSocketRcvHwm" classname="org.zeromq.TestZMQ" time="0.001"/>
  <testcase name="testSocketCurveSecret" classname="org.zeromq.TestZMQ" time="0"/>
  <testcase name="testSocketCurveServer" classname="org.zeromq.TestZMQ" time="0.001"/>
  <testcase name="testSocketSndHwm" classname="org.zeromq.TestZMQ" time="0.001"/>
  <testcase name="testSocketConflate" classname="org.zeromq.TestZMQ" time="0.001"/>
  <testcase name="testSocketUnbind" classname="org.zeromq.TestZMQ" time="0.053"/>
  <testcase name="testSocketDoubleClose" classname="org.zeromq.TestZMQ" time="0.001"/>
  <testcase name="testSocketReceiveBufferSize" classname="org.zeromq.TestZMQ" time="0.001"/>
  <testcase name="testSocketSendTimeOut" classname="org.zeromq.TestZMQ" time="0.001"/>
  <testcase name="testSubscribe" classname="org.zeromq.TestZMQ" time="0.001"/>
  <testcase name="testBindInprocSameAddress" classname="org.zeromq.TestZMQ" time="0"/>
  <testcase name="testSocketRecoveryInterval" classname="org.zeromq.TestZMQ" time="0.001"/>
  <testcase name="testContextBlocky" classname="org.zeromq.TestZMQ" time="0.001"/>
  <testcase name="testSocketXpubVerbose" classname="org.zeromq.TestZMQ" time="0.001"/>
  <testcase name="testSocketIdentity" classname="org.zeromq.TestZMQ" time="0.003"/>
  <testcase name="testSocketSendRecvBinaryPicture" classname="org.zeromq.TestZMQ" time="0.004"/>
  <testcase name="testSocketHeartbeatIvl" classname="org.zeromq.TestZMQ" time="0.001"/>
  <testcase name="testSocketHeartbeatTtl" classname="org.zeromq.TestZMQ" time="0.001"/>
  <testcase name="testSocketGetReqRelaxed" classname="org.zeromq.TestZMQ" time="0.001"/>
  <testcase name="testSocketReconnectIVLMax" classname="org.zeromq.TestZMQ" time="0"/>
  <testcase name="testSocketHeartbeatTimeout" classname="org.zeromq.TestZMQ" time="0.001"/>
  <testcase name="testSocketMsgAllocationThreshold" classname="org.zeromq.TestZMQ" time="0.001"/>
  <testcase name="testSocketGetMulticastHops" classname="org.zeromq.TestZMQ" time="0.001"/>
  <testcase name="testSocketBacklog" classname="org.zeromq.TestZMQ" time="0.001"/>
  <testcase name="testSocketRouterHandover" classname="org.zeromq.TestZMQ" time="0"/>
</testsuite>